Execution Plan
----------------------------------------------------------
Plan hash value: 1224472879

--------------------------------------------------------------------------------------------
| Id  | Operation                    | Name          | Rows| Bytes | Cost (%CPU)| Time     |
--------------------------------------------------------------------------------------------
|   0 | SELECT STATEMENT             |               |   1 |    11 |     2   (0)| 00:00:01 |
|   1 |  TABLE ACCESS BY INDEX ROWID | EMPLOYEES     |   1 |    11 |     2   (0)| 00:00:01 |
|*  2 |   INDEX RANGE SCAN DESCENDING| EMP_EMP_ID_PK |   1 |       |     1   (0)| 00:00:01 |
--------------------------------------------------------------------------------------------