Execution Plan
----------------------------------------------------------
Plan hash value: 1818732800

------------------------------------------------------------------------------------------
| Id  | Operation                    | Name      | Rows  | Bytes | Cost (%CPU)| Time     |
------------------------------------------------------------------------------------------
|   0 | SELECT STATEMENT             |           |    14 |   266 |     2   (0)| 00:00:01 |
|   1 |  NESTED LOOPS                |           |    14 |   266 |     2   (0)| 00:00:01 |
|   2 |   TABLE ACCESS BY INDEX ROWID| DEPT      |     1 |    13 |     1   (0)| 00:00:01 |
|*  3 |    INDEX UNIQUE SCAN         | PK_DEPTNO |     1 |       |     0   (0)| 00:00:01 |
|   4 |   INDEX FULL SCAN            | EMP_IDX_2 |    14 |    84 |     1   (0)| 00:00:01 |
------------------------------------------------------------------------------------------

Predicate Information (identified by operation id):
---------------------------------------------------

   3 - access("D"."DEPTNO"=20)