Execution Plan
----------------------------------------------------------
Plan hash value: 1904088435

-----------------------------------------------------------------------------------
| Id  | Operation           | Name        | Rows  | Bytes | Cost (%CPU)| Time     |
-----------------------------------------------------------------------------------
|   0 | SELECT STATEMENT    |             |     1 |    21 |     2   (0)| 00:00:01 |
|   1 |  TABLE ACCESS SAMPLE| DEPARTMENTS |     1 |    21 |     2   (0)| 00:00:01 |
-----------------------------------------------------------------------------------