Execution Plan
----------------------------------------------------------
Plan hash value: 2723707427

-----------------------------------------------------------------------------
| Id  | Operation            | Name | Rows  | Bytes | Cost (%CPU)| Time     |
-----------------------------------------------------------------------------
|   0 | SELECT STATEMENT     |      |    20 |   380 |     5   (0)| 00:00:01 |
|   1 |  MERGE JOIN CARTESIAN|      |    20 |   380 |     5   (0)| 00:00:01 |
|*  2 |   TABLE ACCESS FULL  | EMP  |     5 |    45 |     2   (0)| 00:00:01 |
|   3 |   BUFFER SORT        |      |     4 |    40 |     3   (0)| 00:00:01 |
|   4 |    TABLE ACCESS FULL | DEPT |     4 |    40 |     1   (0)| 00:00:01 |
-----------------------------------------------------------------------------

Predicate Information (identified by operation id):
---------------------------------------------------

   2 - filter("E"."DEPTNO"=20)