Execution Plan
----------------------------------------------------------
Plan hash value: 615168685

---------------------------------------------------------------------------
| Id  | Operation          | Name | Rows  | Bytes | Cost (%CPU)| Time     |
---------------------------------------------------------------------------
|   0 | SELECT STATEMENT   |      |    14 |   812 |     5  (20)| 00:00:01 |
|*  1 |  HASH JOIN         |      |    14 |   812 |     5  (20)| 00:00:01 |
|   2 |   TABLE ACCESS FULL| DEPT |     4 |    80 |     2   (0)| 00:00:01 |
|   3 |   TABLE ACCESS FULL| EMP  |    14 |   532 |     2   (0)| 00:00:01 |
---------------------------------------------------------------------------

Predicate Information (identified by operation id):
---------------------------------------------------

   1 - access("EMP"."DEPTNO"="DEPT"."DEPTNO")