Execution Plan
----------------------------------------------------------
Plan hash value: 2832838249

-------------------------------------------------------------------------------------------
| Id  | Operation              | Name             | Rows  | Bytes | Cost (%CPU)| Time     |
-------------------------------------------------------------------------------------------
|   0 | SELECT STATEMENT       |                  |   107 |  2675 |     2  (50)| 00:00:01 |
|   1 |  VIEW                  | index$_join$_001 |   107 |  2675 |     2  (50)| 00:00:01 |
|*  2 |   HASH JOIN            |                  |       |       |            |          |
|   3 |    INDEX FAST FULL SCAN| EMP_EMP_ID_PK    |   107 |  2675 |     0   (0)| 00:00:01 |
|   4 |    INDEX FAST FULL SCAN| EMP_NAME_IX      |   107 |  2675 |     1   (0)| 00:00:01 |
-------------------------------------------------------------------------------------------

Predicate Information (identified by operation id):
---------------------------------------------------

   2 - access(ROWID=ROWID)