Execution Plan
----------------------------------------------------------
Plan hash value: 2056577954

-------------------------------------------------------------------------------------------------
| Id  | Operation                   | Name              | Rows  | Bytes | Cost (%CPU)| Time     |
-------------------------------------------------------------------------------------------------
|   0 | SELECT STATEMENT            |                   |     6 |    84 |     2   (0)| 00:00:01 |
|   1 |  TABLE ACCESS BY INDEX ROWID| EMPLOYEES         |     6 |    84 |     2   (0)| 00:00:01 |
|*  2 |   INDEX RANGE SCAN          | EMP_DEPARTMENT_IX |     6 |       |     1   (0)| 00:00:01 |
-------------------------------------------------------------------------------------------------

Predicate Information (identified by operation id):
---------------------------------------------------

   2 - access("DEPARTMENT_ID"=30)