Execution Plan
----------------------------------------------------------
Plan hash value: 4024650034

--------------------------------------------------------------------------------------
| Id  | Operation                   | Name   | Rows  | Bytes | Cost (%CPU)| Time     |
--------------------------------------------------------------------------------------
|   0 | SELECT STATEMENT            |        |     1 |    10 |     1   (0)| 00:00:01 |
|   1 |  TABLE ACCESS BY INDEX ROWID| EMP    |     1 |    10 |     1   (0)| 00:00:01 |
|*  2 |   INDEX UNIQUE SCAN         | EMP_PK |     1 |       |     0   (0)| 00:00:01 |
--------------------------------------------------------------------------------------