Execution Plan
----------------------------------------------------------
Plan hash value: 1565351509

--------------------------------------------------------------------------------------------
| Id  | Operation                      | Name      | Rows  | Bytes | Cost (%CPU)| Time     |
------------------------------------------------------------------------------------------
|   0 | SELECT STATEMENT               |           |    14 |   308 |     3   (0)| 00:00:01 |
|   1 |  TABLE ACCESS (BY INDEX ROWID) | EMP       |     4 |    36 |     1   (0)| 00:00:01 |
|   2 |   NESTED LOOPS                 |           |    14 |   308 |     3   (0)| 00:00:01 |
|   3 |    TABLE ACCESS (FULL)         | DEPT      |     4 |    52 |     2   (0)| 00:00:01 |
|*  4 |    INDEX (RANGE SCAN)          | EMP_IDX_1 |     5 |       |     0   (0)| 00:00:01 |
--------------------------------------------------------------------------------------------

Predicate Information (identified by operation id):
---------------------------------------------------

   4 - access("EMP"."DEPTNO"="DEPT"."DEPTNO")