Execution Plan
----------------------------------------------------------
Plan hash value: 720197672

-----------------------------------------------------------------------------------------
| Id  | Operation                   | Name      | Rows  | Bytes | Cost (%CPU)| Time     |
-----------------------------------------------------------------------------------------
|   0 | SELECT STATEMENT            |           |     1 |    38 |     3   (0)| 00:00:01 |
|*  1 |  TABLE ACCESS BY INDEX ROWID| EMP       |     1 |    38 |     3   (0)| 00:00:01 |
|   2 |   AND-EQUAL                 |           |       |       |            |          |
|*  3 |    INDEX RANGE SCAN         | JOB_INDEX |     3 |       |     1   (0)| 00:00:01 |
|*  4 |    INDEX RANGE SCAN         | EMP_IDX_1 |     5 |       |     1   (0)| 00:00:01 |
-----------------------------------------------------------------------------------------