Execution Plan
----------------------------------------------------------
Plan hash value: 2372241248

------------------------------------------------------------------------------------
| Id  | Operation              | Name      | Rows  | Bytes | Cost (%CPU)| Time     |
------------------------------------------------------------------------------------
|   0 | SELECT STATEMENT       |           |    56 |   896 |     5   (0)| 00:00:01 |
|   1 |  MERGE JOIN CARTESIAN  |           |    56 |   896 |     5   (0)| 00:00:01 |
|   2 |   TABLE ACCESS FULL    | DEPT      |     4 |    40 |     2   (0)| 00:00:01 |
|   3 |   BUFFER SORT          |           |    14 |    84 |     3   (0)| 00:00:01 |
|   4 |    INDEX FAST FULL SCAN| EMP_IDX_2 |    14 |    84 |     1   (0)| 00:00:01 |
------------------------------------------------------------------------------------