Execution Plan
----------------------------------------------------------
Plan hash value: 2539435852

----------------------------------------------------------------------------
| Id  | Operation        | Name    | Rows  | Bytes | Cost (%CPU)| Time     |
----------------------------------------------------------------------------
|   0 | SELECT STATEMENT |         |     1 |     4 |     1   (0)| 00:00:01 |
|*  1 |  INDEX RANGE SCAN| MGR_IDX |     1 |     4 |     1   (0)| 00:00:01 |
----------------------------------------------------------------------------