Execution Plan
----------------------------------------------------------
Plan hash value: 603312277

-------------------------------------------------------------------------------------------
| Id  | Operation                 | Name          | Rows  | Bytes | Cost (%CPU)| Time     |
-------------------------------------------------------------------------------------------
|   0 | SELECT STATEMENT          |               |     5 |   345 |     2   (0)| 00:00:01 |
|   1 |  TABLE ACCESS BY INDEX ROWID| EMPLOYEES   |     5 |   345 |     2   (0)| 00:00:01 |
|*  2 |   INDEX RANGE SCAN        | EMP_EMP_ID_PK |     2 |       |     1   (0)| 00:00:01 |
-------------------------------------------------------------------------------------------