Execution Plan
----------------------------------------------------------
Plan hash value: 2052257371

----------------------------------------------------------------------------------
| Id  | Operation          | Name        | Rows  | Bytes | Cost (%CPU)| Time     |
----------------------------------------------------------------------------------
|   0 | SELECT STATEMENT   |             |   106 |  3286 |     5  (20)| 00:00:01 |
|*  1 |  HASH JOIN         |             |   106 |  3286 |     5  (20)| 00:00:01 |
|   2 |   TABLE ACCESS FULL| DEPARTMENTS |    27 |   432 |     2   (0)| 00:00:01 |
|   3 |   TABLE ACCESS FULL| EMPLOYEES   |   107 |  1605 |     2   (0)| 00:00:01 |
----------------------------------------------------------------------------------

Predicate Information (identified by operation id):
---------------------------------------------------

   1 - access("E"."DEPARTMENT_ID"="D"."DEPARTMENT_ID")