Execution Plan
----------------------------------------------------------
Plan hash value: 4225575861

----------------------------------------------------------------------------------------------
| Id  | Operation                    | Name          | Rows  | Bytes | Cost (%CPU)| Time     |
----------------------------------------------------------------------------------------------
|   0 | SELECT STATEMENT             |               |     1 |    30 |     2   (0)| 00:00:01 |
|   1 |  NESTED LOOPS                |               |     1 |    30 |     2   (0)| 00:00:01 |
|   2 |   TABLE ACCESS BY INDEX ROWID| DEPARTMENTS   |     1 |    16 |     1   (0)| 00:00:01 |
|*  3 |    INDEX UNIQUE SCAN         | DEPT_ID_PK    |     1 |       |     0   (0)| 00:00:01 |
|*  4 |   TABLE ACCESS BY INDEX ROWID| EMPLOYEES     |     1 |    14 |     1   (0)| 00:00:01 |
|*  5 |    INDEX UNIQUE SCAN         | EMP_EMP_ID_PK |     1 |       |     0   (0)| 00:00:01 |
----------------------------------------------------------------------------------------------

Predicate Information (identified by operation id):
---------------------------------------------------

   3 - access("DEPARTMENTS"."DEPARTMENT_ID"=80)
   4 - filter("EMPLOYEES"."DEPARTMENT_ID"=80)
   5 - access("EMPLOYEES"."EMPLOYEE_ID"=160)