Execution Plan
----------------------------------------------------------
Plan hash value: 861361734

----------------------------------------------------------------------------------------------
| Id  | Operation                    | Name          | Rows  | Bytes | Cost (%CPU)| Time     |
----------------------------------------------------------------------------------------------
|   0 | SELECT STATEMENT             |               |     1 |    68 |     4  (25)| 00:00:01 |
|*  1 |  HASH JOIN                   |               |     1 |    68 |     4  (25)| 00:00:01 |
|   2 |   TABLE ACCESS BY INDEX ROWID| EMPLOYEES     |     1 |    38 |     0   (0)| 00:00:01 |
|*  3 |    INDEX UNIQUE SCAN         | EMP_EMP_ID_PK |     1 |       |     0   (0)| 00:00:01 |
|   4 |   TABLE ACCESS FULL          | DEPARTMENTS   |   409 | 12270 |     3   (0)| 00:00:01 |
----------------------------------------------------------------------------------------------

Predicate Information (identified by operation id):
---------------------------------------------------

   1 - access("E"."DEPARTMENT_ID"="D"."DEPARTMENT_ID")
   3 - access("E"."EMPLOYEE_ID"=100)