Execution Plan
----------------------------------------------------------
Plan hash value: 2317224448

----------------------------------------------------------------------------------
| Id  | Operation          | Name        | Rows  | Bytes | Cost (%CPU)| Time     |
----------------------------------------------------------------------------------
|   0 | SELECT STATEMENT   |             |    10 |   280 |     5  (20)| 00:00:01 |
|*  1 |  HASH JOIN SEMI    |             |    10 |   280 |     5  (20)| 00:00:01 |
|   2 |   TABLE ACCESS FULL| DEPARTMENTS |    27 |   567 |     2   (0)| 00:00:01 |
|*  3 |   TABLE ACCESS FULL| EMPLOYEES   |    68 |   476 |     2   (0)| 00:00:01 |
----------------------------------------------------------------------------------

Predicate Information (identified by operation id):
---------------------------------------------------

   1 - access("DEPARTMENTS"."DEPARTMENT_ID"="EMPLOYEES"."DEPARTMENT_ID")
   3 - filter("EMPLOYEES"."SALARY">10000)