Execution Plan
----------------------------------------------------------
Plan hash value: 2373703682

----------------------------------------------------------------------------------
| Id  | Operation          | Name        | Rows  | Bytes | Cost (%CPU)| Time     |
----------------------------------------------------------------------------------
|   0 | SELECT STATEMENT   |             |    84 |  3948 |     5   (0)| 00:00:01 |
|   1 |  NESTED LOOPS      |             |    84 |  3948 |     5   (0)| 00:00:01 |
|*  2 |   TABLE ACCESS FULL| JOB_HISTORY |     2 |    40 |     2   (0)| 00:00:01 |
|*  3 |   TABLE ACCESS FULL| EMPLOYEES   |    42 |  1134 |     2   (0)| 00:00:01 |
----------------------------------------------------------------------------------

Predicate Information (identified by operation id):
---------------------------------------------------

   2 - filter("H"."EMPLOYEE_ID"=176)
   3 - filter("E"."HIRE_DATE">="H"."START_DATE" AND
              "E"."HIRE_DATE"<="H"."END_DATE")