Execution Plan
----------------------------------------------------------
Plan hash value: 603312277

--------------------------------------------------------------------------------------------
| Id  | Operation                   | Name          |Rows  |  Bytes| Cost (%CPU)| Time     |
--------------------------------------------------------------------------------------------
|   0 | SELECT STATEMENT            |               |   1  |    69 |     2   (0)| 00:00:01 |
|   1 |  TABLE ACCESS BY INDEX ROWID| EMPLOYEES     |   1  |    69 |     2   (0)| 00:00:01 |
|*  2 |   INDEX RANGE SCAN          | EMP_EMP_ID_PK |   1  |       |     1   (0)| 00:00:01 |
--------------------------------------------------------------------------------------------

Predicate Information (identified by operation id):
---------------------------------------------------

   2 - access("EMPLOYEE_ID">=7500 AND "EMPLOYEE_ID"<=7800)