Execution Plan
----------------------------------------------------------
Plan hash value: 3770333139

--------------------------------------------------------------------------------------
| Id  | Operation               | Name       | Rows  | Bytes | Cost (%CPU)| Time     |
--------------------------------------------------------------------------------------
|   0 | SELECT STATEMENT        |            |   122 |  3172 |     6  (34)| 00:00:01 |
|   1 |  SORT ORDER BY          |            |   122 |  3172 |     6  (34)| 00:00:01 |
|   2 |   VIEW                  | VW_FOJ_0   |   122 |  3172 |     5  (20)| 00:00:01 |
|*  3 |    HASH JOIN FULL OUTER |            |   122 |  1342 |     5  (20)| 00:00:01 |
|   4 |     INDEX FAST FULL SCAN| DEPT_ID_PK |    27 |   108 |     2   (0)| 00:00:01 |
|   5 |     TABLE ACCESS FULL   | EMPLOYEES  |   107 |   749 |     2   (0)| 00:00:01 |
--------------------------------------------------------------------------------------

Predicate Information (identified by operation id):
---------------------------------------------------

   3 - access("E"."DEPARTMENT_ID"="D"."DEPARTMENT_ID")