Execution Plan
----------------------------------------------------------
Plan hash value: 325493464

-------------------------------------------------------------------------------------------
| Id  | Operation              | Name             | Rows  | Bytes | Cost (%CPU)| Time     |
-------------------------------------------------------------------------------------------
|   0 | SELECT STATEMENT       |                  |     3 |    48 |     3  (34)| 00:00:01 |
|*  1 |  VIEW                  | index$_join$_001 |     3 |    48 |     3  (34)| 00:00:01 |
|*  2 |   HASH JOIN            |                  |       |       |            |          |
|*  3 |    INDEX RANGE SCAN    | EMP_NAME_IX      |     3 |    48 |     1   (0)| 00:00:01 |
|   4 |    INDEX FAST FULL SCAN| EMP_EMAIL_UK     |     3 |    48 |     1   (0)| 00:00:01 |
-------------------------------------------------------------------------------------------