Execution Plan
----------------------------------------------------------
Plan hash value: 1833546154

---------------------------------------------------------------------------------------------
| Id  | Operation                   | Name          | Rows  | Bytes | Cost (%CPU)| Time     |
---------------------------------------------------------------------------------------------
|   0 | SELECT STATEMENT            |               |     1 |    34 |     0   (0)| 00:00:01 |
|   1 |  TABLE ACCESS BY INDEX ROWID| EMPLOYEES     |     1 |    34 |     0   (0)| 00:00:01 |
|*  2 |   INDEX UNIQUE SCAN         | EMP_EMP_ID_PK |     1 |       |     0   (0)| 00:00:01 |
---------------------------------------------------------------------------------------------

Predicate Information (identified by operation id):
---------------------------------------------------

   2 - access("EMPLOYEE_ID"=190)