Execution Plan
----------------------------------------------------------
Plan hash value: 3077464062

----------------------------------------------------------------------------------------
| Id  | Operation                | Name        | Rows  | Bytes | Cost (%CPU)| Time     |
----------------------------------------------------------------------------------------
|   0 | SELECT STATEMENT         |             |    97 |  7372 |     5  (20)| 00:00:01 |
|*  1 |  HASH JOIN RIGHT ANTI SNA|             |    97 |  7372 |     5  (20)| 00:00:01 |
|*  2 |   TABLE ACCESS FULL      | DEPARTMENTS |     1 |     7 |     2   (0)| 00:00:01 |
|   3 |   TABLE ACCESS FULL      | EMPLOYEES   |   107 |  7383 |     2   (0)| 00:00:01 |
----------------------------------------------------------------------------------------

Predicate Information (identified by operation id):
---------------------------------------------------

   1 - access("DEPARTMENT_ID"="DEPARTMENT_ID")
   2 - filter("LOCATION_ID"=2500)