Execution Plan
----------------------------------------------------------
Plan hash value: 2998680986

---------------------------------------------------------------------------------
| Id  | Operation           | Name      | Rows  | Bytes | Cost (%CPU)| Time     |
---------------------------------------------------------------------------------
|   0 | SELECT STATEMENT    |           |     1 |    69 |     2   (0)| 00:00:01 |
|   1 |  TABLE ACCESS SAMPLE| EMPLOYEES |     1 |    69 |     2   (0)| 00:00:01 |
---------------------------------------------------------------------------------