Execution Plan
----------------------------------------------------------
Plan hash value: 2693862462

--------------------------------------------------------------------------------------------
| Id  | Operation                   | Name         | Rows  | Bytes | Cost (%CPU)| Time     |
--------------------------------------------------------------------------------------------
|   0 | SELECT STATEMENT            |              |     1 |    69 |     1   (0)| 00:00:01 |
|   1 |  TABLE ACCESS BY INDEX ROWID| EMPLOYEES    |     1 |    69 |     1   (0)| 00:00:01 |
|*  2 |   INDEX UNIQUE SCAN         | EMP_EMAIL_UK |     1 |       |     0   (0)| 00:00:01 |
--------------------------------------------------------------------------------------------