Execution Plan
----------------------------------------------------------
Plan hash value: 582125897

------------------------------------------------------------------------------------------
| Id  | Operation                    | Name      | Rows  | Bytes | Cost (%CPU)| Time     |
------------------------------------------------------------------------------------------
|   0 | SELECT STATEMENT             |           |    14 |   308 |     5   (0)| 00:00:01 |
|   1 |  NESTED LOOPS OUTER          |           |    14 |   308 |     5   (0)| 00:00:01 |
|   2 |   TABLE ACCESS FULL          | DEPT      |     4 |    52 |     2   (0)| 00:00:01 |
|   3 |   TABLE ACCESS BY INDEX ROWID| EMP       |     4 |    36 |     1   (0)| 00:00:01 |
|*  4 |    INDEX RANGE SCAN          | EMP_IDX_1 |     5 |       |     0   (0)| 00:00:01 |
------------------------------------------------------------------------------------------

Predicate Information (identified by operation id):
---------------------------------------------------

   4 - access("D"."DEPTNO"="E"."DEPTNO"(+))