Execution Plan
----------------------------------------------------------
Plan hash value: 2077747057

-------------------------------------------------------------------------------------------
| Id  | Operation                   | Name        | Rows  | Bytes | Cost (%CPU)| Time     |
-------------------------------------------------------------------------------------------
|   0 | SELECT STATEMENT            |             |     1 |    69 |     2   (0)| 00:00:01 |
|   1 |  TABLE ACCESS BY INDEX ROWID| EMPLOYEES   |     1 |    69 |     2   (0)| 00:00:01 |
|*  2 |   INDEX RANGE SCAN          | EMP_NAME_IX |     1 |       |     1   (0)| 00:00:01 |
-------------------------------------------------------------------------------------------