Execution Plan
----------------------------------------------------------
Plan hash value: 4088573028

-----------------------------------------------------------------------------
| Id  | Operation        | Name     | Rows  | Bytes | Cost (%CPU)| Time     |
-----------------------------------------------------------------------------
|   0 | SELECT STATEMENT |          |    14 |   140 |     1   (0)| 00:00:01 |
|   1 |  INDEX FULL SCAN | EMP_IDX2 |    14 |   140 |     1   (0)| 00:00:01 |
-----------------------------------------------------------------------------