Execution Plan
----------------------------------------------------------
Plan hash value: 2700697847

---------------------------------------------------------------------------------
| Id  | Operation            | Name     | Rows  | Bytes | Cost (%CPU)| Time     |
---------------------------------------------------------------------------------
|   0 | SELECT STATEMENT     |          |    14 |    84 |     2   (0)| 00:00:01 |
|   1 |  INDEX FAST FULL SCAN| EMP_IDX2 |    14 |    84 |     2   (0)| 00:00:01 |
---------------------------------------------------------------------------------