Execution Plan
----------------------------------------------------------
Plan hash value: 1121137472

-------------------------------------------------------------------------------------------
| Id  | Operation                     | Name      | Rows  | Bytes | Cost (%CPU)| Time     |
-------------------------------------------------------------------------------------------
|   0 | SELECT STATEMENT              |           |    14 |   308 |     3   (0)| 00:00:01 |
|   1 |  NESTED LOOPS                 |           |    14 |   308 |     3   (0)| 00:00:01 |
|   2 |   TABLE ACCESS (FULL)         | EMP       |    14 |   126 |     2   (0)| 00:00:01 |
|   3 |   TABLE ACCESS BY INDEX ROWID | DEPT      |     1 |    13 |     1   (0)| 00:00:01 |
|*  4 |    INDEX (UNIQUE SCAN)        | DEPTNO_PK |     1 |       |     0   (0)| 00:00:01 |
-------------------------------------------------------------------------------------------

Predicate Information (identified by operation id):
---------------------------------------------------

   4 - access("EMP"."DEPTNO"="DEPT"."DEPTNO")