Execution Plan
----------------------------------------------------------
Plan hash value: 4111351371

--------------------------------------------------------------------------------------------
| Id  | Operation           | Name                  | Rows | Bytes | Cost (%CPU)| Time     |
--------------------------------------------------------------------------------------------
|   0 | SELECT STATEMENT     |                      |     6|   522 |     1   (0)| 00:00:01 |
|   1 |  TABLE ACCESS CLUSTER| EMP_CURSO            |     6|   522 |     1   (0)| 00:00:01 |
|*  2 |   INDEX UNIQUE SCAN  | IDX_EMP_DEPT_CLUSTER |     1|       |     1   (0)| 00:00:01 |
--------------------------------------------------------------------------------------------