Execution Plan
----------------------------------------------------------
Plan hash value: 3453257278

-----------------------------------------------------------------------------------
| Id  | Operation                  | Name | Rows  | Bytes | Cost (%CPU)| Time     |
-----------------------------------------------------------------------------------
|   0 | SELECT STATEMENT           |      |     1 |    20 |     1   (0)| 00:00:01 |
|*  1 |  TABLE ACCESS BY USER ROWID| DEPT |     1 |    20 |     1   (0)| 00:00:01 |
-----------------------------------------------------------------------------------