Execution Plan
----------------------------------------------------------
Plan hash value: 2936864451

------------------------------------------------------------------------------
| Id  | Operation        | Name      | Rows  | Bytes | Cost (%CPU)| Time     |
------------------------------------------------------------------------------
|   0 | SELECT STATEMENT |           |     1 |    10 |     1   (0)| 00:00:01 |
|*  1 |  INDEX SKIP SCAN | EMP_IDX_2 |     1 |    10 |     1   (0)| 00:00:01 |
------------------------------------------------------------------------------