Execution Plan
-------------------------------------------------------------------------------
| Id  | Operation         | Name      | Rows  | Bytes | Cost (%CPU)| Time     |
-------------------------------------------------------------------------------
|   0 | SELECT STATEMENT  |           |   107 |  7383 |     2   (0)| 00:00:01 |
|*  1 |  TABLE ACCESS FULL| EMPLOYEES |   107 |  7383 |     2   (0)| 00:00:01 |
-------------------------------------------------------------------------------