Execution Plan  
----------------------------------------------------------  
Plan hash value: 2652078278  

------------------------------------------------------------------------------  
| Id  | Operation         | Name     | Rows  | Bytes | Cost (%CPU)| Time     |  
------------------------------------------------------------------------------  
|   0 | SELECT STATEMENT  |          | 74975 |   951K|   799   (2)| 00:00:12 |  
|*  1 |  TABLE ACCESS FULL| PESQUISA | 74975 |   951K|   799   (2)| 00:00:12 |  
------------------------------------------------------------------------------  

Predicate Information (identified by operation id):  
---------------------------------------------------     
1 - filter("ASSISTEM"='Programa do Bolinha') 