PLAN_TABLE_OUTPUT
--------------------------------------------------------------------------------------------
Plan hash value: 1492013603

--------------------------------------------------------------------------------------------
| Id  | Operation                    | Name        | Rows  | Bytes | Cost (%CPU)| Time     |
--------------------------------------------------------------------------------------------
|   0 | SELECT STATEMENT             |             |    34 |  1020 |     3   (0)| 00:00:01 |
|   1 |  NESTED LOOPS                |             |    34 |  1020 |     3   (0)| 00:00:01 |
|   2 |   TABLE ACCESS BY INDEX ROWID| DEPARTMENTS |     1 |    16 |     1   (0)| 00:00:01 |
|*  3 |    INDEX UNIQUE SCAN         | DEPT_ID_PK  |     1 |       |     0   (0)| 00:00:01 |
|*  4 |   TABLE ACCESS FULL          | EMPLOYEES   |    34 |   476 |     2   (0)| 00:00:01 |
--------------------------------------------------------------------------------------------

Predicate Information (identified by operation id):
---------------------------------------------------

   3 - access("D"."DEPARTMENT_ID"=80)
   4 - filter("E"."DEPARTMENT_ID"=80)

17 linhas selecionadas.