Execution Plan  
----------------------------------------------------------  
Plan hash value: 3484195155  

-------------------------------------------------------------------------------------------  
| Id  | Operation                   | Name        | Rows  | Bytes | Cost (%CPU)| Time     |  
-------------------------------------------------------------------------------------------  
|   0 | SELECT STATEMENT            |             |    30 |   390 |     4   (0)| 00:00:01 |  
|   1 |  TABLE ACCESS BY INDEX ROWID| PESQUISA    |    30 |   390 |     4   (0)| 00:00:01 |  
|*  2 |   INDEX RANGE SCAN          | ASSISTEM_IX |    32 |       |     3   (0)| 00:00:01 |  
-------------------------------------------------------------------------------------------  

Predicate Information (identified by operation id):  
---------------------------------------------------     
2 - access("ASSISTEM"='Programa do Bolinha') 