PLAN_TABLE_OUTPUT
--------------------------------------------------------------------------------------------
SQL_ID  97hdv5nu08dg2, child number 0
-------------------------------------
select e.employee_id       ,e.first_name   ,d.department_name
,d.department_id from   employees e       ,departments d where
e.department_id = d.department_id and    d.department_id = 80

Plan hash value: 1492013603

--------------------------------------------------------------------------------------------
| Id  | Operation                    | Name        | Rows  | Bytes | Cost (%CPU)| Time     |
--------------------------------------------------------------------------------------------
|   0 | SELECT STATEMENT             |             |       |       |     3 (100)|          |
|   1 |  NESTED LOOPS                |             |    34 |  1020 |     3   (0)| 00:00:01 |
|   2 |   TABLE ACCESS BY INDEX ROWID| DEPARTMENTS |     1 |    16 |     1   (0)| 00:00:01 |
|*  3 |    INDEX UNIQUE SCAN         | DEPT_ID_PK  |     1 |       |     0   (0)|          |
|*  4 |   TABLE ACCESS FULL          | EMPLOYEES   |    34 |   476 |     2   (0)| 00:00:01 |
--------------------------------------------------------------------------------------------

Predicate Information (identified by operation id):
---------------------------------------------------

   3 - access("D"."DEPARTMENT_ID"=80)
   4 - filter("E"."DEPARTMENT_ID"=80)


24 linhas selecionadas.